<?xml version="1.0" encoding="UTF-8"?>
<testng-results skipped="0" failed="0" total="1" passed="1">
  <reporter-output>
  </reporter-output>
  <suite name="Default Suite" duration-ms="21421" started-at="2016-11-12T18:55:05Z" finished-at="2016-11-12T18:55:26Z">
    <groups>
    </groups>
    <test name="DemoTestNG" duration-ms="21421" started-at="2016-11-12T18:55:05Z" finished-at="2016-11-12T18:55:26Z">
      <class name="com.testNG.DemoTestNG.DemoTestNGTest">
        <test-method status="PASS" signature="gmailLogin()[pri:0, instance:com.testNG.DemoTestNG.DemoTestNGTest@39ba5a14]" name="gmailLogin" duration-ms="21402" started-at="2016-11-12T18:55:05Z" finished-at="2016-11-12T18:55:26Z">
          <reporter-output>
          </reporter-output>
        </test-method> <!-- gmailLogin -->
      </class> <!-- com.testNG.DemoTestNG.DemoTestNGTest -->
    </test> <!-- DemoTestNG -->
  </suite> <!-- Default Suite -->
</testng-results>
